hp93000,testflow,0.1
language_revision = 1;

declarations

@ERASE_FAILED_1_864CE8F_FAILED = 0;
@ERASE_FAILED_2_864CE8F_FAILED = 0;
@ERASE_FAILED_3_864CE8F_PASSED = 0;
@ERASE_FAILED_4_864CE8F_PASSED = 0;
@ERASE_PASSED_1_864CE8F_PASSED = 0;
@ERASE_PASSED_2_864CE8F_PASSED = 0;
@ERASE_PASSED_3_864CE8F_FAILED = 0;
@ERASE_PASSED_4_864CE8F_FAILED = 0;
@ERASE_RAN_1_864CE8F_RAN = 0;
@ERASE_RAN_2_864CE8F_RAN = 0;
@ERASE_RAN_3_864CE8F_RAN = 0;
@ERASE_RAN_4_864CE8F_RAN = 0;
@G100_864CE8F_RAN = 0;
@G200_864CE8F_FAILED = 0;
@JOB = "";
@PRB1_ENABLE = 1;

end
-----------------------------------------------------------------
flags

user ADDITIONAL_ERASE = 0;
user DO_ERASE = 0;
user NO_EXTRA_ERASE = 0;
user USB_XCVR_CZ = 0;

end
-----------------------------------------------------------------
testmethodparameters
end
-----------------------------------------------------------------
testmethodlimits
end
-----------------------------------------------------------------
test_flow
end
-----------------------------------------------------------------
binning
end
-----------------------------------------------------------------
oocrule
end
-----------------------------------------------------------------
context
end
-----------------------------------------------------------------
hardware_bin_descriptions
end
-----------------------------------------------------------------
